2020-10-06 16:19:42,508 now=[1601972382]||path=[/api/v1.0/auth/status]||full_path=[/api/v1.0/auth/status]||cost=[0.004002]
2020-10-06 16:19:44,189 now=[1601972384]||path=[/api/v1.0/auth/authorize]||full_path=[/api/v1.0/auth/authorize]||cost=[0.330440]
2020-10-06 16:19:48,841 now=[1601972388]||path=[/api/v1.0/auth/status]||full_path=[/api/v1.0/auth/status]||cost=[0.016003]
2020-10-06 16:19:48,987 now=[1601972388]||path=[/api/v1.0/auth/user]||full_path=[/api/v1.0/auth/user]||cost=[0.009003]
2020-10-06 16:19:55,436 now=[1601972395]||path=[/api/v1.0/service/menu/list]||full_path=[/api/v1.0/service/menu/list]||cost=[0.008003]
2020-10-06 16:19:56,998 now=[1601972396]||path=[/api/v1.0/service/menu/list]||full_path=[/api/v1.0/service/menu/list]||cost=[0.003002]
2020-10-06 16:19:58,590 now=[1601972398]||path=[/api/v1.0/service/menu/list]||full_path=[/api/v1.0/service/menu/list]||cost=[0.003000]
2020-10-06 16:20:07,352 now=[1601972407]||path=[/api/v1.0/auth/status]||full_path=[/api/v1.0/auth/status]||cost=[0.003001]
2020-10-06 16:20:07,784 now=[1601972407]||path=[/api/v1.0/service/menu/list]||full_path=[/api/v1.0/service/menu/list]||cost=[0.003000]
2020-10-06 16:20:12,820 now=[1601972412]||path=[/api/v1.0/auth/status]||full_path=[/api/v1.0/auth/status]||cost=[0.003025]
2020-10-06 16:20:12,918 now=[1601972412]||path=[/api/v1.0/service/menu/list]||full_path=[/api/v1.0/service/menu/list]||cost=[0.001999]
2020-10-06 16:20:16,027 now=[1601972416]||path=[/api/v1.0/auth/status]||full_path=[/api/v1.0/auth/status]||cost=[0.004004]
2020-10-06 16:20:16,047 now=[1601972416]||path=[/api/v1.0/service/weather]||full_path=[/api/v1.0/service/weather]||cost=[0.004002]
2020-10-06 16:20:16,060 now=[1601972416]||path=[/api/v1.0/service/constellation]||full_path=[/api/v1.0/service/constellation]||cost=[0.005001]
2020-10-06 16:20:16,072 now=[1601972416]||path=[/api/v1.0/service/stock]||full_path=[/api/v1.0/service/stock]||cost=[0.005001]
2020-10-06 16:20:29,341 now=[1601972429]||path=[/api/v1.0/auth/status]||full_path=[/api/v1.0/auth/status]||cost=[0.000000]
2020-10-06 16:20:31,025 now=[1601972431]||path=[/api/v1.0/auth/status]||full_path=[/api/v1.0/auth/status]||cost=[0.000000]
2020-10-06 16:20:32,847 now=[1601972432]||path=[/api/v1.0/auth/status]||full_path=[/api/v1.0/auth/status]||cost=[0.000000]
2020-10-06 16:20:34,623 now=[1601972434]||path=[/api/v1.0/auth/logout]||full_path=[/api/v1.0/auth/logout]||cost=[0.000000]
2020-10-06 16:20:37,674 now=[1601972437]||path=[/api/v1.0/auth/authorize]||full_path=[/api/v1.0/auth/authorize]||cost=[0.326357]
2020-10-06 16:20:39,636 now=[1601972439]||path=[/api/v1.0/service/menu/list]||full_path=[/api/v1.0/service/menu/list]||cost=[0.002999]
2020-10-06 16:20:41,273 now=[1601972441]||path=[/api/v1.0/auth/status]||full_path=[/api/v1.0/auth/status]||cost=[0.004001]
2020-10-06 16:20:41,293 now=[1601972441]||path=[/api/v1.0/service/weather]||full_path=[/api/v1.0/service/weather]||cost=[0.004001]
2020-10-06 16:20:41,304 now=[1601972441]||path=[/api/v1.0/service/constellation]||full_path=[/api/v1.0/service/constellation]||cost=[0.004002]
2020-10-06 16:20:41,323 now=[1601972441]||path=[/api/v1.0/service/stock]||full_path=[/api/v1.0/service/stock]||cost=[0.010000]
2020-10-06 16:20:42,493 now=[1601972442]||path=[/api/v1.0/auth/status]||full_path=[/api/v1.0/auth/status]||cost=[0.003001]
2020-10-06 16:20:42,524 now=[1601972442]||path=[/api/v1.0/service/weather]||full_path=[/api/v1.0/service/weather]||cost=[0.005002]
2020-10-06 16:20:42,536 now=[1601972442]||path=[/api/v1.0/service/constellation]||full_path=[/api/v1.0/service/constellation]||cost=[0.005000]
2020-10-06 16:20:42,549 now=[1601972442]||path=[/api/v1.0/service/stock]||full_path=[/api/v1.0/service/stock]||cost=[0.004002]
2020-10-06 16:20:43,223 now=[1601972443]||path=[/api/v1.0/auth/status]||full_path=[/api/v1.0/auth/status]||cost=[0.002997]
2020-10-06 16:20:43,243 now=[1601972443]||path=[/api/v1.0/service/weather]||full_path=[/api/v1.0/service/weather]||cost=[0.003999]
2020-10-06 16:20:43,254 now=[1601972443]||path=[/api/v1.0/service/constellation]||full_path=[/api/v1.0/service/constellation]||cost=[0.003000]
2020-10-06 16:20:43,269 now=[1601972443]||path=[/api/v1.0/service/stock]||full_path=[/api/v1.0/service/stock]||cost=[0.004999]
2020-10-06 16:20:44,794 now=[1601972444]||path=[/api/v1.0/service/menu/list]||full_path=[/api/v1.0/service/menu/list]||cost=[0.002999]
2020-10-06 16:20:45,889 now=[1601972445]||path=[/api/v1.0/service/menu/list]||full_path=[/api/v1.0/service/menu/list]||cost=[0.004000]
2020-10-06 16:20:59,183 now=[1601972459]||path=[/api/v1.0/service/menu/list]||full_path=[/api/v1.0/service/menu/list]||cost=[0.002007]
2020-10-06 16:21:05,272 now=[1601972465]||path=[/api/v1.0/service/weather]||full_path=[/api/v1.0/service/weather]||cost=[1.700972]
2020-10-06 16:23:52,280 now=[1601972632]||path=[/api/v1.0/auth/logout]||full_path=[/api/v1.0/auth/logout]||cost=[0.000000]
2020-10-06 16:23:53,774 now=[1601972633]||path=[/api/v1.0/auth/authorize]||full_path=[/api/v1.0/auth/authorize]||cost=[0.296019]
2020-10-06 16:23:56,873 now=[1601972636]||path=[/api/v1.0/auth/status]||full_path=[/api/v1.0/auth/status]||cost=[0.003000]
2020-10-06 16:23:56,894 now=[1601972636]||path=[/api/v1.0/service/weather]||full_path=[/api/v1.0/service/weather]||cost=[0.002999]
2020-10-06 16:23:56,906 now=[1601972636]||path=[/api/v1.0/service/constellation]||full_path=[/api/v1.0/service/constellation]||cost=[0.003002]
2020-10-06 16:23:56,919 now=[1601972636]||path=[/api/v1.0/service/stock]||full_path=[/api/v1.0/service/stock]||cost=[0.005003]
2020-10-06 16:23:59,918 now=[1601972639]||path=[/api/v1.0/auth/logout]||full_path=[/api/v1.0/auth/logout]||cost=[0.000000]
2020-10-06 16:24:01,438 now=[1601972641]||path=[/api/v1.0/auth/authorize]||full_path=[/api/v1.0/auth/authorize]||cost=[0.309352]
2020-10-06 16:24:02,593 now=[1601972642]||path=[/api/v1.0/auth/logout]||full_path=[/api/v1.0/auth/logout]||cost=[0.000998]
2020-10-06 16:24:03,854 now=[1601972643]||path=[/api/v1.0/auth/status]||full_path=[/api/v1.0/auth/status]||cost=[0.000000]
2020-10-06 16:33:13,644 now=[1601973193]||path=[/api/v1.0/service/stock]||full_path=[/api/v1.0/service/stock]||cost=[0.585085]
2020-10-06 16:33:19,984 now=[1601973199]||path=[/api/v1.0/service/menu/list]||full_path=[/api/v1.0/service/menu/list]||cost=[0.003998]
2020-10-06 16:33:46,173 now=[1601973226]||path=[/api/v1.0/auth/status]||full_path=[/api/v1.0/auth/status]||cost=[0.000000]
2020-10-06 16:33:47,500 now=[1601973227]||path=[/api/v1.0/auth/status]||full_path=[/api/v1.0/auth/status]||cost=[0.001000]
2020-10-06 16:33:49,659 now=[1601973229]||path=[/api/v1.0/auth/authorize]||full_path=[/api/v1.0/auth/authorize]||cost=[0.316501]
2020-10-06 16:33:50,869 now=[1601973230]||path=[/api/v1.0/service/menu/list]||full_path=[/api/v1.0/service/menu/list]||cost=[0.003000]
2020-10-06 16:33:53,238 now=[1601973233]||path=[/api/v1.0/service/menu/list]||full_path=[/api/v1.0/service/menu/list]||cost=[0.002999]
2020-10-06 16:33:54,374 now=[1601973234]||path=[/api/v1.0/service/menu/list]||full_path=[/api/v1.0/service/menu/list]||cost=[0.002999]
2020-10-06 16:33:55,262 now=[1601973235]||path=[/api/v1.0/service/menu/list]||full_path=[/api/v1.0/service/menu/list]||cost=[0.003004]
2020-10-06 16:33:56,059 now=[1601973236]||path=[/api/v1.0/service/menu/list]||full_path=[/api/v1.0/service/menu/list]||cost=[0.002998]
2020-10-06 16:36:20,196 now=[1601973380]||path=[/api/v1.0/auth/status]||full_path=[/api/v1.0/auth/status]||cost=[0.000000]
2020-10-06 16:36:26,107 now=[1601973386]||path=[/api/v1.0/auth/status]||full_path=[/api/v1.0/auth/status]||cost=[0.000000]
2020-10-06 16:36:28,725 now=[1601973388]||path=[/api/v1.0/auth/authorize]||full_path=[/api/v1.0/auth/authorize]||cost=[0.327945]
2020-10-06 16:36:30,179 now=[1601973390]||path=[/api/v1.0/service/menu/list]||full_path=[/api/v1.0/service/menu/list]||cost=[0.001998]
2020-10-06 16:36:31,274 now=[1601973391]||path=[/api/v1.0/service/menu/list]||full_path=[/api/v1.0/service/menu/list]||cost=[0.002000]
2020-10-06 16:36:32,192 now=[1601973392]||path=[/api/v1.0/service/menu/list]||full_path=[/api/v1.0/service/menu/list]||cost=[0.003000]
2020-10-06 16:36:32,795 now=[1601973392]||path=[/api/v1.0/service/menu/list]||full_path=[/api/v1.0/service/menu/list]||cost=[0.002990]
2020-10-06 16:36:48,325 now=[1601973408]||path=[/api/v1.0/auth/status]||full_path=[/api/v1.0/auth/status]||cost=[0.004001]
2020-10-06 16:36:48,505 now=[1601973408]||path=[/api/v1.0/service/weather]||full_path=[/api/v1.0/service/weather]||cost=[0.005000]
2020-10-06 16:36:48,520 now=[1601973408]||path=[/api/v1.0/service/constellation]||full_path=[/api/v1.0/service/constellation]||cost=[0.005000]
2020-10-06 16:36:48,541 now=[1601973408]||path=[/api/v1.0/service/stock]||full_path=[/api/v1.0/service/stock]||cost=[0.005999]
2020-10-06 16:36:54,113 now=[1601973414]||path=[/api/v1.0/auth/status]||full_path=[/api/v1.0/auth/status]||cost=[0.000000]
2020-10-06 16:36:56,461 now=[1601973416]||path=[/api/v1.0/auth/authorize]||full_path=[/api/v1.0/auth/authorize]||cost=[0.274122]
2020-10-06 16:37:00,389 now=[1601973420]||path=[/api/v1.0/service/menu/list]||full_path=[/api/v1.0/service/menu/list]||cost=[0.002000]
2020-10-06 16:37:10,748 now=[1601973430]||path=[/api/v1.0/auth/status]||full_path=[/api/v1.0/auth/status]||cost=[0.003000]
2020-10-06 16:37:11,236 now=[1601973431]||path=[/api/v1.0/auth/user]||full_path=[/api/v1.0/auth/user]||cost=[0.005001]
2020-10-06 16:37:14,308 now=[1601973434]||path=[/api/v1.0/service/menu/list]||full_path=[/api/v1.0/service/menu/list]||cost=[0.002001]
2020-10-06 16:37:15,331 now=[1601973435]||path=[/api/v1.0/service/menu/list]||full_path=[/api/v1.0/service/menu/list]||cost=[0.002007]
2020-10-06 16:37:16,389 now=[1601973436]||path=[/api/v1.0/service/menu/list]||full_path=[/api/v1.0/service/menu/list]||cost=[0.002998]
2020-10-06 16:41:06,890 now=[1601973666]||path=[/api/v1.0/auth/status]||full_path=[/api/v1.0/auth/status]||cost=[0.000000]
2020-10-06 16:41:09,106 now=[1601973669]||path=[/api/v1.0/auth/status]||full_path=[/api/v1.0/auth/status]||cost=[0.000000]
2020-10-06 16:41:11,736 now=[1601973671]||path=[/api/v1.0/auth/authorize]||full_path=[/api/v1.0/auth/authorize]||cost=[0.335553]
2020-10-06 16:41:12,637 now=[1601973672]||path=[/api/v1.0/service/menu/list]||full_path=[/api/v1.0/service/menu/list]||cost=[0.001998]
2020-10-06 16:41:13,518 now=[1601973673]||path=[/api/v1.0/service/menu/list]||full_path=[/api/v1.0/service/menu/list]||cost=[0.001997]
2020-10-06 16:41:14,322 now=[1601973674]||path=[/api/v1.0/service/menu/list]||full_path=[/api/v1.0/service/menu/list]||cost=[0.002998]
2020-10-06 16:41:15,087 now=[1601973675]||path=[/api/v1.0/service/menu/list]||full_path=[/api/v1.0/service/menu/list]||cost=[0.003003]
2020-10-06 16:41:15,719 now=[1601973675]||path=[/api/v1.0/service/menu/list]||full_path=[/api/v1.0/service/menu/list]||cost=[0.003000]
2020-10-06 16:41:16,328 now=[1601973676]||path=[/api/v1.0/service/menu/list]||full_path=[/api/v1.0/service/menu/list]||cost=[0.002999]
2020-10-06 16:41:17,231 now=[1601973677]||path=[/api/v1.0/service/menu/list]||full_path=[/api/v1.0/service/menu/list]||cost=[0.001995]
2020-10-06 16:41:17,923 now=[1601973677]||path=[/api/v1.0/service/menu/list]||full_path=[/api/v1.0/service/menu/list]||cost=[0.002000]
2020-10-06 16:41:18,571 now=[1601973678]||path=[/api/v1.0/service/menu/list]||full_path=[/api/v1.0/service/menu/list]||cost=[0.001999]
2020-10-06 16:41:25,315 now=[1601973685]||path=[/api/v1.0/auth/status]||full_path=[/api/v1.0/auth/status]||cost=[0.004004]
2020-10-06 16:41:25,470 now=[1601973685]||path=[/api/v1.0/service/weather]||full_path=[/api/v1.0/service/weather]||cost=[0.006001]
2020-10-06 16:41:25,488 now=[1601973685]||path=[/api/v1.0/service/constellation]||full_path=[/api/v1.0/service/constellation]||cost=[0.004004]
2020-10-06 16:41:25,507 now=[1601973685]||path=[/api/v1.0/service/stock]||full_path=[/api/v1.0/service/stock]||cost=[0.005002]
2020-10-06 16:41:29,002 now=[1601973689]||path=[/api/v1.0/auth/status]||full_path=[/api/v1.0/auth/status]||cost=[0.001002]
2020-10-06 16:41:31,650 now=[1601973691]||path=[/api/v1.0/auth/authorize]||full_path=[/api/v1.0/auth/authorize]||cost=[0.299008]
2020-10-06 16:41:31,908 now=[1601973691]||path=[/api/v1.0/service/menu/list]||full_path=[/api/v1.0/service/menu/list]||cost=[0.003010]
2020-10-06 16:41:32,913 now=[1601973692]||path=[/api/v1.0/service/menu/list]||full_path=[/api/v1.0/service/menu/list]||cost=[0.003009]
2020-10-06 16:41:37,072 now=[1601973697]||path=[/api/v1.0/auth/status]||full_path=[/api/v1.0/auth/status]||cost=[0.002997]
2020-10-06 16:41:37,180 now=[1601973697]||path=[/api/v1.0/service/menu/list]||full_path=[/api/v1.0/service/menu/list]||cost=[0.003000]
2020-10-06 16:41:43,814 now=[1601973703]||path=[/api/v1.0/service/menu/list]||full_path=[/api/v1.0/service/menu/list]||cost=[0.003000]
2020-10-06 16:51:14,761 now=[1601974274]||path=[/api/v1.0/auth/status]||full_path=[/api/v1.0/auth/status]||cost=[0.004001]
2020-10-06 16:51:14,888 now=[1601974274]||path=[/api/v1.0/auth/status]||full_path=[/api/v1.0/auth/status]||cost=[0.000000]
2020-10-06 16:51:18,023 now=[1601974278]||path=[/api/v1.0/auth/authorize]||full_path=[/api/v1.0/auth/authorize]||cost=[0.330813]
2020-10-06 16:51:21,171 now=[1601974281]||path=[/api/v1.0/service/joke]||full_path=[/api/v1.0/service/joke]||cost=[0.053021]
2020-10-06 16:51:33,526 now=[1601974293]||path=[/api/v1.0/auth/status]||full_path=[/api/v1.0/auth/status]||cost=[0.003005]
2020-10-06 16:51:34,005 now=[1601974294]||path=[/api/v1.0/auth/user]||full_path=[/api/v1.0/auth/user]||cost=[0.005001]
2020-10-06 16:51:37,413 now=[1601974297]||path=[/api/v1.0/auth/user]||full_path=[/api/v1.0/auth/user]||cost=[0.005001]
2020-10-06 16:51:40,645 now=[1601974300]||path=[/api/v1.0/auth/status]||full_path=[/api/v1.0/auth/status]||cost=[0.003002]
2020-10-06 16:51:40,731 now=[1601974300]||path=[/api/v1.0/auth/user]||full_path=[/api/v1.0/auth/user]||cost=[0.002999]
2020-10-06 16:51:44,245 now=[1601974304]||path=[/api/v1.0/auth/user]||full_path=[/api/v1.0/auth/user]||cost=[0.006015]
2020-10-06 16:51:46,302 now=[1601974306]||path=[/api/v1.0/auth/status]||full_path=[/api/v1.0/auth/status]||cost=[0.002993]
2020-10-06 16:51:46,397 now=[1601974306]||path=[/api/v1.0/auth/user]||full_path=[/api/v1.0/auth/user]||cost=[0.004000]
2020-10-06 16:51:49,864 now=[1601974309]||path=[/api/v1.0/auth/user]||full_path=[/api/v1.0/auth/user]||cost=[0.004089]
2020-10-06 16:51:51,490 now=[1601974311]||path=[/api/v1.0/auth/logout]||full_path=[/api/v1.0/auth/logout]||cost=[0.000000]
2020-10-06 16:51:53,974 now=[1601974313]||path=[/api/v1.0/auth/authorize]||full_path=[/api/v1.0/auth/authorize]||cost=[0.321497]
2020-10-06 16:51:56,265 now=[1601974316]||path=[/api/v1.0/auth/status]||full_path=[/api/v1.0/auth/status]||cost=[0.003000]
2020-10-06 16:51:56,390 now=[1601974316]||path=[/api/v1.0/auth/status]||full_path=[/api/v1.0/auth/status]||cost=[0.003999]
2020-10-06 16:51:56,464 now=[1601974316]||path=[/api/v1.0/service/stock]||full_path=[/api/v1.0/service/stock]||cost=[0.155752]
2020-10-06 16:51:56,467 now=[1601974316]||path=[/api/v1.0/service/constellation]||full_path=[/api/v1.0/service/constellation]||cost=[0.173286]
2020-10-06 16:51:56,477 now=[1601974316]||path=[/api/v1.0/service/constellation]||full_path=[/api/v1.0/service/constellation]||cost=[0.008002]
2020-10-06 16:51:56,614 now=[1601974316]||path=[/api/v1.0/service/stock]||full_path=[/api/v1.0/service/stock]||cost=[0.149058]
2020-10-06 16:51:56,747 now=[1601974316]||path=[/api/v1.0/service/weather]||full_path=[/api/v1.0/service/weather]||cost=[0.464974]
2020-10-06 16:51:57,178 now=[1601974317]||path=[/api/v1.0/service/weather]||full_path=[/api/v1.0/service/weather]||cost=[0.428404]
2020-10-06 16:51:59,073 now=[1601974319]||path=[/api/v1.0/auth/status]||full_path=[/api/v1.0/auth/status]||cost=[0.003000]
2020-10-06 16:51:59,107 now=[1601974319]||path=[/api/v1.0/service/constellation]||full_path=[/api/v1.0/service/constellation]||cost=[0.004000]
2020-10-06 16:51:59,264 now=[1601974319]||path=[/api/v1.0/service/stock]||full_path=[/api/v1.0/service/stock]||cost=[0.147856]
2020-10-06 16:51:59,499 now=[1601974319]||path=[/api/v1.0/service/weather]||full_path=[/api/v1.0/service/weather]||cost=[0.408077]
